This is pdfTeX, Version 3.1415926-1.40.11 (TeX Live 2010) (format=latex 2011.6.1)  10 APR 2014 23:19
entering extended mode
 restricted \write18 enabled.
 %&-line parsing enabled.
**Acknowledgments.tex
(./Acknowledgments.tex
LaTeX2e <2009/09/24>
Babel <v3.8l> and hyphenation patterns for english, dumylang, nohyphenation, ge
rman-x-2009-06-19, ngerman-x-2009-06-19, ancientgreek, ibycus, arabic, armenian
, basque, bulgarian, catalan, pinyin, coptic, croatian, czech, danish, dutch, u
kenglish, usenglishmax, esperanto, estonian, farsi, finnish, french, galician, 
german, ngerman, swissgerman, monogreek, greek, hungarian, icelandic, assamese,
 bengali, gujarati, hindi, kannada, malayalam, marathi, oriya, panjabi, tamil, 
telugu, indonesian, interlingua, irish, italian, kurmanji, lao, latin, latvian,
 lithuanian, mongolian, mongolianlmc, bokmal, nynorsk, polish, portuguese, roma
nian, russian, sanskrit, serbian, slovak, slovenian, spanish, swedish, turkish,
 turkmen, ukrainian, uppersorbian, welsh, loaded.
! Undefined control sequence.
l.3 \pdfbookmark
                [1]{Acknowledgements}{Acknowledgements} % Bookmark name visi...
The control sequence at the end of the top line
of your error message was never \def'ed. If you have
misspelled it (e.g., `\hobx'), type `I' and the correct
spelling (e.g., `I\hbox'). Otherwise just continue,
and I'll forget about whatever was undefined.


! LaTeX Error: Missing \begin{document}.

See the LaTeX manual or LaTeX Companion for explanation.
Type  H <return>  for immediate help.
 ...                                              
                                                  
l.3 \pdfbookmark[
                 1]{Acknowledgements}{Acknowledgements} % Bookmark name visi...

You're in trouble here.  Try typing  <return>  to proceed.
If that doesn't work, type  X <return>  to quit.

Missing character: There is no [ in font nullfont!
Missing character: There is no 1 in font nullfont!
Missing character: There is no ] in font nullfont!
Missing character: There is no A in font nullfont!
Missing character: There is no c in font nullfont!
Missing character: There is no k in font nullfont!
Missing character: There is no n in font nullfont!
Missing character: There is no o in font nullfont!
Missing character: There is no w in font nullfont!
Missing character: There is no l in font nullfont!
Missing character: There is no e in font nullfont!
Missing character: There is no d in font nullfont!
Missing character: There is no g in font nullfont!
Missing character: There is no e in font nullfont!
Missing character: There is no m in font nullfont!
Missing character: There is no e in font nullfont!
Missing character: There is no n in font nullfont!
Missing character: There is no t in font nullfont!
Missing character: There is no s in font nullfont!
Missing character: There is no A in font nullfont!
Missing character: There is no c in font nullfont!
Missing character: There is no k in font nullfont!
Missing character: There is no n in font nullfont!
Missing character: There is no o in font nullfont!
Missing character: There is no w in font nullfont!
Missing character: There is no l in font nullfont!
Missing character: There is no e in font nullfont!
Missing character: There is no d in font nullfont!
Missing character: There is no g in font nullfont!
Missing character: There is no e in font nullfont!
Missing character: There is no m in font nullfont!
Missing character: There is no e in font nullfont!
Missing character: There is no n in font nullfont!
Missing character: There is no t in font nullfont!
Missing character: There is no s in font nullfont!

Overfull \hbox (20.0pt too wide) in paragraph at lines 3--4
[] 
 []


! LaTeX Error: Missing \begin{document}.

See the LaTeX manual or LaTeX Companion for explanation.
Type  H <return>  for immediate help.
 ...                                              
                                                  
l.5 \begin{flushright}
                      {\slshape
You're in trouble here.  Try typing  <return>  to proceed.
If that doesn't work, type  X <return>  to quit.


Overfull \hbox (20.0pt too wide) in paragraph at lines 5--5
[] 
 []


Overfull \hbox (12.50003pt too wide) in paragraph at lines 6--6
 \OT1/cmr/m/sl/10 No
 []


Overfull \hbox (18.88895pt too wide) in paragraph at lines 6--6
 \OT1/cmr/m/sl/10 man
 []


Overfull \hbox (6.72223pt too wide) in paragraph at lines 6--6
 \OT1/cmr/m/sl/10 is
 []


Overfull \hbox (13.05557pt too wide) in paragraph at lines 6--6
 \OT1/cmr/m/sl/10 ex-
 []


Overfull \hbox (22.22227pt too wide) in paragraph at lines 6--6
 \OT1/cmr/m/sl/10 empt
 []


Overfull \hbox (20.30562pt too wide) in paragraph at lines 6--6
 \OT1/cmr/m/sl/10 from
 []


Overfull \hbox (17.2778pt too wide) in paragraph at lines 6--6
 \OT1/cmr/m/sl/10 say-
 []


Overfull \hbox (13.33337pt too wide) in paragraph at lines 6--6
 \OT1/cmr/m/sl/10 ing
 []


Overfull \hbox (17.5556pt too wide) in paragraph at lines 6--6
 \OT1/cmr/m/sl/10 silly
 []


Overfull \hbox (29.50008pt too wide) in paragraph at lines 6--6
 \OT1/cmr/m/sl/10 things;
 []


Overfull \hbox (13.88892pt too wide) in paragraph at lines 7--7
 []\OT1/cmr/m/sl/10 the
 []


Overfull \hbox (18.38892pt too wide) in paragraph at lines 7--7
 \OT1/cmr/m/sl/10 mis-
 []


Overfull \hbox (20.00003pt too wide) in paragraph at lines 7--7
 \OT1/cmr/m/sl/10 chief
 []


Overfull \hbox (6.72223pt too wide) in paragraph at lines 7--7
 \OT1/cmr/m/sl/10 is
 []


Overfull \hbox (8.88892pt too wide) in paragraph at lines 7--7
 \OT1/cmr/m/sl/10 to
 []


Overfull \hbox (13.94447pt too wide) in paragraph at lines 7--7
 \OT1/cmr/m/sl/10 say
 []


Overfull \hbox (22.22227pt too wide) in paragraph at lines 7--7
 \OT1/cmr/m/sl/10 them
 []


Overfull \hbox (13.33334pt too wide) in paragraph at lines 7--7
 \OT1/cmr/m/sl/10 de-
 []


Overfull \hbox (14.44447pt too wide) in paragraph at lines 7--7
 \OT1/cmr/m/sl/10 lib-
 []


Overfull \hbox (11.69444pt too wide) in paragraph at lines 7--7
 \OT1/cmr/m/sl/10 er-
 []


Overfull \hbox (23.33339pt too wide) in paragraph at lines 7--7
 \OT1/cmr/m/sl/10 ately.
 []


! LaTeX Error: There's no line here to end.

See the LaTeX manual or LaTeX Companion for explanation.
Type  H <return>  for immediate help.
 ...                                              
                                                  
l.7 ...s to say them deliberately.} \\ \medskip \\
                                                  
Your command was ignored.
Type  I <command> <return>  to replace it with another command,
or  <return>  to continue without it.

Missing character: There is no - in font nullfont!
Missing character: There is no - in font nullfont!
Missing character: There is no - in font nullfont!
Missing character: There is no M in font nullfont!
Missing character: There is no i in font nullfont!
Missing character: There is no c in font nullfont!
Missing character: There is no h in font nullfont!
Missing character: There is no e in font nullfont!
Missing character: There is no l in font nullfont!
Missing character: There is no d in font nullfont!
Missing character: There is no e in font nullfont!
Missing character: There is no M in font nullfont!
Missing character: There is no o in font nullfont!
Missing character: There is no n in font nullfont!
Missing character: There is no t in font nullfont!
Missing character: There is no a in font nullfont!
Missing character: There is no i in font nullfont!
Missing character: There is no g in font nullfont!
Missing character: There is no n in font nullfont!
Missing character: There is no e in font nullfont!
! Undefined control sequence.
l.21 \chapter
             *{Acknowledgements} % Acknowledgements section text
The control sequence at the end of the top line
of your error message was never \def'ed. If you have
misspelled it (e.g., `\hobx'), type `I' and the correct
spelling (e.g., `I\hbox'). Otherwise just continue,
and I'll forget about whatever was undefined.

Missing character: There is no * in font nullfont!
Missing character: There is no A in font nullfont!
Missing character: There is no c in font nullfont!
Missing character: There is no k in font nullfont!
Missing character: There is no n in font nullfont!
Missing character: There is no o in font nullfont!
Missing character: There is no w in font nullfont!
Missing character: There is no l in font nullfont!
Missing character: There is no e in font nullfont!
Missing character: There is no d in font nullfont!
Missing character: There is no g in font nullfont!
Missing character: There is no e in font nullfont!
Missing character: There is no m in font nullfont!
Missing character: There is no e in font nullfont!
Missing character: There is no n in font nullfont!
Missing character: There is no t in font nullfont!
Missing character: There is no s in font nullfont!

Overfull \hbox (20.0pt too wide) in paragraph at lines 21--22
[] 
 []

Missing character: There is no T in font nullfont!
Missing character: There is no h in font nullfont!
Missing character: There is no a in font nullfont!
Missing character: There is no n in font nullfont!
Missing character: There is no k in font nullfont!
Missing character: There is no s in font nullfont!
Missing character: There is no t in font nullfont!
Missing character: There is no o in font nullfont!
Missing character: There is no e in font nullfont!
Missing character: There is no v in font nullfont!
Missing character: There is no e in font nullfont!
Missing character: There is no r in font nullfont!
Missing character: There is no y in font nullfont!
Missing character: There is no o in font nullfont!
Missing character: There is no n in font nullfont!
Missing character: There is no e in font nullfont!
Missing character: There is no ! in font nullfont!
Missing character: There is no A in font nullfont!
Missing character: There is no n in font nullfont!
Missing character: There is no d in font nullfont!
Missing character: There is no e in font nullfont!
Missing character: There is no v in font nullfont!
Missing character: There is no e in font nullfont!
Missing character: There is no r in font nullfont!
Missing character: There is no y in font nullfont!
Missing character: There is no o in font nullfont!
Missing character: There is no n in font nullfont!
Missing character: There is no e in font nullfont!
Missing character: There is no e in font nullfont!
Missing character: There is no l in font nullfont!
Missing character: There is no s in font nullfont!
Missing character: There is no e in font nullfont!
Missing character: There is no . in font nullfont!
LaTeX Font Info:    External font `cmex10' loaded for size
(Font)              <7> on input line 26.
LaTeX Font Info:    External font `cmex10' loaded for size
(Font)              <5> on input line 26.
! Undefined control sequence.
\@footnotetext ...tins {\reset@font \footnotesize 
                                                  \interlinepenalty \interfo...
l.26 ...ne else.\footnote{Only the people I like.}
                                                  
The control sequence at the end of the top line
of your error message was never \def'ed. If you have
misspelled it (e.g., `\hobx'), type `I' and the correct
spelling (e.g., `I\hbox'). Otherwise just continue,
and I'll forget about whatever was undefined.

! Undefined control sequence.
\@footnotetext ...}\color@begingroup \@makefntext 
                                                  {\rule \z@ \footnotesep \i...
l.26 ...ne else.\footnote{Only the people I like.}
                                                  
The control sequence at the end of the top line
of your error message was never \def'ed. If you have
misspelled it (e.g., `\hobx'), type `I' and the correct
spelling (e.g., `I\hbox'). Otherwise just continue,
and I'll forget about whatever was undefined.


Overfull \hbox (21.38896pt too wide) in paragraph at lines 26--26
[][]\OT1/cmr/m/n/10 Only
 []


Overfull \hbox (13.88892pt too wide) in paragraph at lines 26--26
\OT1/cmr/m/n/10 the
 []


Overfull \hbox (18.61115pt too wide) in paragraph at lines 26--26
\OT1/cmr/m/n/10 peo-
 []


Overfull \hbox (12.7778pt too wide) in paragraph at lines 26--26
\OT1/cmr/m/n/10 ple
 []


Overfull \hbox (3.61111pt too wide) in paragraph at lines 26--26
\OT1/cmr/m/n/10 I
 []


Overfull \hbox (17.77782pt too wide) in paragraph at lines 26--26
\OT1/cmr/m/n/10 like.| 
 []


Overfull \hbox (4.48613pt too wide) in paragraph at lines 26--27
  [] 
 []

)
! Emergency stop.
<*> Acknowledgments.tex
                       
*** (job aborted, no legal \end found)

 
Here is how much of TeX's memory you used:
 10 strings out of 493748
 211 string characters out of 3143570
 50070 words of memory out of 3000000
 3401 multiletter control sequences out of 15000+200000
 3993 words of font info for 15 fonts, out of 3000000 for 9000
 714 hyphenation exceptions out of 8191
 24i,5n,14p,113b,121s stack positions out of 5000i,500n,10000p,200000b,50000s
No pages of output.
